0 info it worked if it ends with ok
1 verbose cli [ '/usr/bin/nodejs', '/usr/bin/npm', 'owner', 'add', 'chloro' ]
2 info using npm@3.5.2
3 info using node@v4.2.6
4 verbose owner add chloro to gulp-json-translator
5 silly mapToRegistry name -/user/org.couchdb.user:chloro
6 silly mapToRegistry using default registry
7 silly mapToRegistry registry https://registry.npmjs.org/
8 silly mapToRegistry uri https://registry.npmjs.org/-/user/org.couchdb.user:chloro
9 verbose request uri https://registry.npmjs.org/-/user/org.couchdb.user:chloro
10 verbose request new user, so can't send auth
11 info attempt registry request try #1 at 11:29:55 PM
12 verbose request using bearer token for auth
13 verbose request id bcfb9b1d758e4bb1
14 http request GET https://registry.npmjs.org/-/user/org.couchdb.user:chloro
15 http 200 https://registry.npmjs.org/-/user/org.couchdb.user:chloro
16 verbose headers { 'content-type': 'application/json',
16 verbose headers   'content-encoding': 'gzip',
16 verbose headers   'cache-control': 'max-age=300',
16 verbose headers   'transfer-encoding': 'chunked',
16 verbose headers   'accept-ranges': 'bytes',
16 verbose headers   date: 'Sat, 11 Feb 2017 07:30:00 GMT',
16 verbose headers   via: '1.1 varnish',
16 verbose headers   connection: 'keep-alive',
16 verbose headers   'x-served-by': 'cache-sjc3634-SJC',
16 verbose headers   'x-cache': 'MISS',
16 verbose headers   'x-cache-hits': '0',
16 verbose headers   'x-timer': 'S1486798200.840517,VS0,VE133',
16 verbose headers   vary: 'Accept-Encoding' }
17 silly get cb [ 200,
17 silly get   { 'content-type': 'application/json',
17 silly get     'content-encoding': 'gzip',
17 silly get     'cache-control': 'max-age=300',
17 silly get     'transfer-encoding': 'chunked',
17 silly get     'accept-ranges': 'bytes',
17 silly get     date: 'Sat, 11 Feb 2017 07:30:00 GMT',
17 silly get     via: '1.1 varnish',
17 silly get     connection: 'keep-alive',
17 silly get     'x-served-by': 'cache-sjc3634-SJC',
17 silly get     'x-cache': 'MISS',
17 silly get     'x-cache-hits': '0',
17 silly get     'x-timer': 'S1486798200.840517,VS0,VE133',
17 silly get     vary: 'Accept-Encoding' } ]
18 verbose get saving chloro to /home/chloro/.npm/registry.npmjs.org/-/user/org.couchdb.user_3Achloro/.cache.json
19 silly mapToRegistry name gulp-json-translator
20 silly mapToRegistry using default registry
21 silly mapToRegistry registry https://registry.npmjs.org/
22 silly mapToRegistry uri https://registry.npmjs.org/gulp-json-translator
23 verbose request uri https://registry.npmjs.org/gulp-json-translator
24 verbose request no auth needed
25 info attempt registry request try #1 at 11:29:55 PM
26 verbose request using bearer token for auth
27 http request GET https://registry.npmjs.org/gulp-json-translator
28 http 200 https://registry.npmjs.org/gulp-json-translator
29 verbose headers { server: 'nginx/1.10.1',
29 verbose headers   'content-type': 'application/json',
29 verbose headers   'last-modified': 'Fri, 10 Jun 2016 20:43:26 GMT',
29 verbose headers   etag: 'W/"575b266e-2884"',
29 verbose headers   'content-encoding': 'gzip',
29 verbose headers   'cache-control': 'max-age=300',
29 verbose headers   'transfer-encoding': 'chunked',
29 verbose headers   'accept-ranges': 'bytes',
29 verbose headers   date: 'Sat, 11 Feb 2017 07:30:01 GMT',
29 verbose headers   via: '1.1 varnish',
29 verbose headers   connection: 'keep-alive',
29 verbose headers   'x-served-by': 'cache-sjc3133-SJC',
29 verbose headers   'x-cache': 'MISS',
29 verbose headers   'x-cache-hits': '0',
29 verbose headers   'x-timer': 'S1486798201.208759,VS0,VE19',
29 verbose headers   vary: 'Accept-Encoding' }
30 silly get cb [ 200,
30 silly get   { server: 'nginx/1.10.1',
30 silly get     'content-type': 'application/json',
30 silly get     'last-modified': 'Fri, 10 Jun 2016 20:43:26 GMT',
30 silly get     etag: 'W/"575b266e-2884"',
30 silly get     'content-encoding': 'gzip',
30 silly get     'cache-control': 'max-age=300',
30 silly get     'transfer-encoding': 'chunked',
30 silly get     'accept-ranges': 'bytes',
30 silly get     date: 'Sat, 11 Feb 2017 07:30:01 GMT',
30 silly get     via: '1.1 varnish',
30 silly get     connection: 'keep-alive',
30 silly get     'x-served-by': 'cache-sjc3133-SJC',
30 silly get     'x-cache': 'MISS',
30 silly get     'x-cache-hits': '0',
30 silly get     'x-timer': 'S1486798201.208759,VS0,VE19',
30 silly get     vary: 'Accept-Encoding' } ]
31 verbose get saving gulp-json-translator to /home/chloro/.npm/registry.npmjs.org/gulp-json-translator/.cache.json
32 silly mapToRegistry name gulp-json-translator/-rev/9-cadbd4363fe45b0b22ec10fd87ac1340
33 silly mapToRegistry using default registry
34 silly mapToRegistry registry https://registry.npmjs.org/
35 silly mapToRegistry uri https://registry.npmjs.org/gulp-json-translator/-rev/9-cadbd4363fe45b0b22ec10fd87ac1340
36 verbose request uri https://registry.npmjs.org/gulp-json-translator/-rev/9-cadbd4363fe45b0b22ec10fd87ac1340
37 verbose request sending authorization for write operation
38 info attempt registry request try #1 at 11:29:55 PM
39 verbose request using bearer token for auth
40 http request PUT https://registry.npmjs.org/gulp-json-translator/-rev/9-cadbd4363fe45b0b22ec10fd87ac1340
41 http 403 https://registry.npmjs.org/gulp-json-translator/-rev/9-cadbd4363fe45b0b22ec10fd87ac1340
42 verbose headers { 'content-type': 'application/json',
42 verbose headers   'cache-control': 'max-age=300',
42 verbose headers   'content-length': '114',
42 verbose headers   'accept-ranges': 'bytes',
42 verbose headers   date: 'Sat, 11 Feb 2017 07:30:01 GMT',
42 verbose headers   via: '1.1 varnish',
42 verbose headers   connection: 'keep-alive',
42 verbose headers   'x-served-by': 'cache-sjc3131-SJC',
42 verbose headers   'x-cache': 'MISS',
42 verbose headers   'x-cache-hits': '0',
42 verbose headers   'x-timer': 'S1486798201.428935,VS0,VE132',
42 verbose headers   vary: 'Accept-Encoding' }
43 verbose request invalidating /home/chloro/.npm/registry.npmjs.org/gulp-json-translator on PUT
44 error owner mutate Failed to update package metadata
45 verbose stack Error: you do not have permission to publish "gulp-json-translator". Are you logged in as the correct user? : gulp-json-translator
45 verbose stack     at makeError (/usr/share/npm/node_modules/npm-registry-client/lib/request.js:264:12)
45 verbose stack     at CachingRegistryClient.<anonymous> (/usr/share/npm/node_modules/npm-registry-client/lib/request.js:252:14)
45 verbose stack     at Request._callback (/usr/share/npm/node_modules/npm-registry-client/lib/request.js:172:14)
45 verbose stack     at Request.self.callback (/usr/share/npm/node_modules/request/request.js:198:22)
45 verbose stack     at emitTwo (events.js:87:13)
45 verbose stack     at Request.emit (events.js:172:7)
45 verbose stack     at Request.<anonymous> (/usr/share/npm/node_modules/request/request.js:1082:10)
45 verbose stack     at emitOne (events.js:82:20)
45 verbose stack     at Request.emit (events.js:169:7)
45 verbose stack     at IncomingMessage.<anonymous> (/usr/share/npm/node_modules/request/request.js:1009:12)
46 verbose statusCode 403
47 verbose pkgid gulp-json-translator
48 verbose cwd /home/chloro/Desktop/projects/gulp-json-translator
49 error Linux 4.8.0-30-generic
50 error argv "/usr/bin/nodejs" "/usr/bin/npm" "owner" "add" "chloro"
51 error node v4.2.6
52 error npm  v3.5.2
53 error code E403
54 error you do not have permission to publish "gulp-json-translator". Are you logged in as the correct user? : gulp-json-translator
55 error If you need help, you may report this error at:
55 error     <https://github.com/npm/npm/issues>
56 verbose exit [ 1, true ]
